ANDROID APP/Android_REST/app/build/intermediates/manifest_merge_blame_file/debug/manifest-merger-blame-debug-report.txt
1<?xml version="1.0" encoding="utf-8"?>
2<manifest xmlns:android="http://schemas.android.com/apk/res/android"
3    package="org.libreapps.rest"
4    android:versionCode="1"
5    android:versionName="1.0" >
6
7    <uses-sdk
8        android:minSdkVersion="16"
8-->src\main\AndroidManifest.xml
9        android:targetSdkVersion="29" />
9-->src\main\AndroidManifest.xml
10
11    <uses-permission android:name="android.permission.INTERNET" />
11-->src\main\AndroidManifest.xml:5:5-67
11-->src\main\AndroidManifest.xml:5:22-64
12    <uses-permission android:name="android.permission.ACCESS_NETWORK_STATE" />
12-->src\main\AndroidManifest.xml:6:5-79
12-->src\main\AndroidManifest.xml:6:22-76
13
14    <application
14-->src\main\AndroidManifest.xml:8:5-36:19
15        android:allowBackup="true"
15-->src\main\AndroidManifest.xml:9:9-35
16        android:appComponentFactory="androidx.core.app.CoreComponentFactory"
16-->[androidx.core:core:1.1.0] AndroidManifest.xml:24:18-86
17        android:debuggable="true"
18        android:icon="@drawable/logo1"
18-->src\main\AndroidManifest.xml:10:9-39
19        android:label="@string/app_name"
19-->src\main\AndroidManifest.xml:11:9-41
20        android:roundIcon="@mipmap/ic_launcher_round"
20-->src\main\AndroidManifest.xml:12:9-54
21        android:supportsRtl="true"
21-->src\main\AndroidManifest.xml:13:9-35
22        android:testOnly="true"
23        android:theme="@style/AppTheme"
23-->src\main\AndroidManifest.xml:14:9-40
24        android:usesCleartextTraffic="true" >
24-->src\main\AndroidManifest.xml:15:9-44
25        <activity
25-->src\main\AndroidManifest.xml:16:9-19:68
26            android:name="org.libreapps.rest.Info_Fish_Activity"
26-->src\main\AndroidManifest.xml:17:13-47
27            android:label="@string/title_activity_info__fish_"
27-->src\main\AndroidManifest.xml:18:13-63
28            android:theme="@style/AppTheme.NoActionBar" />
28-->src\main\AndroidManifest.xml:19:13-56
29        <activity android:name="org.libreapps.rest.TemperatureTableActivity" />
29-->src\main\AndroidManifest.xml:20:9-62
29-->src\main\AndroidManifest.xml:20:19-59
30        <activity android:name="org.libreapps.rest.LuminositeTableActivity" />
30-->src\main\AndroidManifest.xml:21:9-61
30-->src\main\AndroidManifest.xml:21:19-58
31        <activity
31-->src\main\AndroidManifest.xml:22:9-31:20
32            android:name="org.libreapps.rest.MainPage"
32-->src\main\AndroidManifest.xml:23:13-37
33            android:label="HCFF_APP"
33-->src\main\AndroidManifest.xml:24:13-37
34            android:theme="@style/AppTheme.NoActionBar" >
34-->src\main\AndroidManifest.xml:25:13-56
35            <intent-filter>
35-->src\main\AndroidManifest.xml:26:13-30:29
36                <action android:name="android.intent.action.MAIN" />
36-->src\main\AndroidManifest.xml:27:17-69
36-->src\main\AndroidManifest.xml:27:25-66
37
38                <category android:name="android.intent.category.LAUNCHER" />
38-->src\main\AndroidManifest.xml:29:17-77
38-->src\main\AndroidManifest.xml:29:27-74
39            </intent-filter>
40        </activity>
41
42        <meta-data
42-->src\main\AndroidManifest.xml:33:9-35:57
43            android:name="preloaded_fonts"
43-->src\main\AndroidManifest.xml:34:13-43
44            android:resource="@array/preloaded_fonts" />
44-->src\main\AndroidManifest.xml:35:13-54
45    </application>
46
47</manifest>